<?xml version="1.0" encoding="UTF-8"?>
<testng-results skipped="0" failed="0" total="1" passed="1">
  <reporter-output>
  </reporter-output>
  <suite name="Default suite" duration-ms="74799" started-at="2017-07-04T09:42:34Z" finished-at="2017-07-04T09:43:48Z">
    <groups>
    </groups>
    <test name="Default test" duration-ms="74799" started-at="2017-07-04T09:42:34Z" finished-at="2017-07-04T09:43:48Z">
      <class name="test.tests.QuickTest">
        <test-method status="PASS" signature="deviceDetails()[pri:0, instance:test.tests.QuickTest@41a0aa7d]" name="deviceDetails" duration-ms="74780" started-at="2017-07-04T15:12:34Z" finished-at="2017-07-04T15:13:48Z">
          <reporter-output>
          </reporter-output>
        </test-method> <!-- deviceDetails -->
      </class> <!-- test.tests.QuickTest -->
    </test> <!-- Default test -->
  </suite> <!-- Default suite -->
</testng-results>
